<?xml version="1.0" encoding="UTF-8"?>
<!-- Generated by org.testng.reporters.JUnitReportReporter -->
<testsuite hostname="DESKTOP-VA9V275" failures="0" tests="4" name="com.jenkins.casestudy.JenkinsCaseStudy2" time="0.016" errors="0" timestamp="2023-05-16T19:31:41 IST" skipped="0">
  <testcase classname="com.jenkins.casestudy.JenkinsCaseStudy2" name="lenova1" time="0.002"/>
  <system-out/>
  <testcase classname="com.jenkins.casestudy.JenkinsCaseStudy2" name="apple1" time="0.011"/>
  <system-out/>
  <testcase classname="com.jenkins.casestudy.JenkinsCaseStudy2" name="m1" time="0.001"/>
  <system-out/>
  <testcase classname="com.jenkins.casestudy.JenkinsCaseStudy2" name="motog1" time="0.002"/>
  <system-out/>
</testsuite> <!-- com.jenkins.casestudy.JenkinsCaseStudy2 -->
