<?xml version="1.0" encoding="UTF-8"?>
<!-- Generated by org.testng.reporters.JUnitReportReporter -->
<testsuite name="com.jenkins.casestudy.JenkinsCaseStudy2" tests="1" time="0.010" ignored="3" failures="0" timestamp="11 May 2023 12:10:45 GMT" skipped="0" hostname="DESKTOP-VA9V275" errors="0">
  <testcase name="m1" time="0.010" classname="com.jenkins.casestudy.JenkinsCaseStudy2"/>
  <testcase name="apple1" classname="com.jenkins.casestudy.JenkinsCaseStudy2">
    <skipped/>
  </testcase> <!-- apple1 -->
  <testcase name="lenova1" classname="com.jenkins.casestudy.JenkinsCaseStudy2">
    <skipped/>
  </testcase> <!-- lenova1 -->
  <testcase name="motog1" classname="com.jenkins.casestudy.JenkinsCaseStudy2">
    <skipped/>
  </testcase> <!-- motog1 -->
</testsuite> <!-- com.jenkins.casestudy.JenkinsCaseStudy2 -->
